This is pdfTeX, Version 3.141592653-2.6-1.40.22 (TeX Live 2022/dev/Debian) (preloaded format=pdflatex 2023.5.30)  29 SEP 2023 18:16
entering extended mode
 restricted \write18 enabled.
 file:line:error style messages enabled.
 %&-line parsing enabled.
**"/home/andrea/Documents/Doctorado/4to cuatrimestre/Github/HQ_labeling/Crop_type/latex/presentation.tex"
(/home/andrea/Documents/Doctorado/4to cuatrimestre/Github/HQ_labeling/Crop_type/latex/presentation.tex
LaTeX2e <2021-11-15> patch level 1
L3 programming layer <2022-01-21> (/usr/share/texlive/texmf-dist/tex/latex/beamer/beamer.cls
Document Class: beamer 2022/01/21 v3.65 A class for typesetting presentations
(/usr/share/texlive/texmf-dist/tex/latex/beamer/beamerbasemodes.sty (/usr/share/texlive/texmf-dist/tex/latex/etoolbox/etoolbox.sty
Package: etoolbox 2020/10/05 v2.5k e-TeX tools for LaTeX (JAW)
\etb@tempcnta=\count185
)
\beamer@tempbox=\box50
\beamer@tempcount=\count186
\c@beamerpauses=\count187
 (/usr/share/texlive/texmf-dist/tex/latex/beamer/beamerbasedecode.sty
\beamer@slideinframe=\count188
\beamer@minimum=\count189
\beamer@decode@box=\box51
)
\beamer@commentbox=\box52
\beamer@modecount=\count190
) (/usr/share/texlive/texmf-dist/tex/generic/iftex/ifpdf.sty
Package: ifpdf 2019/10/25 v3.4 ifpdf legacy package. Use iftex instead.
 (/usr/share/texlive/texmf-dist/tex/generic/iftex/iftex.sty
Package: iftex 2020/03/06 v1.0d TeX engine tests
))
\headdp=\dimen138
\footheight=\dimen139
\sidebarheight=\dimen140
\beamer@tempdim=\dimen141
\beamer@finalheight=\dimen142
\beamer@animht=\dimen143
\beamer@animdp=\dimen144
\beamer@animwd=\dimen145
\beamer@leftmargin=\dimen146
\beamer@rightmargin=\dimen147
\beamer@leftsidebar=\dimen148
\beamer@rightsidebar=\dimen149
\beamer@boxsize=\dimen150
\beamer@vboxoffset=\dimen151
\beamer@descdefault=\dimen152
\beamer@descriptionwidth=\dimen153
\beamer@lastskip=\skip47
\beamer@areabox=\box53
\beamer@animcurrent=\box54
\beamer@animshowbox=\box55
\beamer@sectionbox=\box56
\beamer@logobox=\box57
\beamer@linebox=\box58
\beamer@sectioncount=\count191
\beamer@subsubsectionmax=\count192
\beamer@subsectionmax=\count193
\beamer@sectionmax=\count194
\beamer@totalheads=\count195
\beamer@headcounter=\count196
\beamer@partstartpage=\count197
\beamer@sectionstartpage=\count198
\beamer@subsectionstartpage=\count199
\beamer@animationtempa=\count266
\beamer@animationtempb=\count267
\beamer@xpos=\count268
\beamer@ypos=\count269
\beamer@ypos@offset=\count270
\beamer@showpartnumber=\count271
\beamer@currentsubsection=\count272
\beamer@coveringdepth=\count273
\beamer@sectionadjust=\count274
\beamer@toclastsection=\count275
\beamer@tocsectionnumber=\count276
 (/usr/share/texlive/texmf-dist/tex/latex/beamer/beamerbaseoptions.sty (/usr/share/texlive/texmf-dist/tex/latex/graphics/keyval.sty
Package: keyval 2014/10/28 v1.15 key=value parser (DPC)
\KV@toks@=\toks16
))
\beamer@paperwidth=\skip48
\beamer@paperheight=\skip49
 (/usr/share/texlive/texmf-dist/tex/latex/geometry/geometry.sty
Package: geometry 2020/01/02 v5.9 Page Geometry
 (/usr/share/texlive/texmf-dist/tex/generic/iftex/ifvtex.sty
Package: ifvtex 2019/10/25 v1.7 ifvtex legacy package. Use iftex instead.
)
\Gm@cnth=\count277
\Gm@cntv=\count278
\c@Gm@tempcnt=\count279
\Gm@bindingoffset=\dimen154
\Gm@wd@mp=\dimen155
\Gm@odd@mp=\dimen156
\Gm@even@mp=\dimen157
\Gm@layoutwidth=\dimen158
\Gm@layoutheight=\dimen159
\Gm@layouthoffset=\dimen160
\Gm@layoutvoffset=\dimen161
\Gm@dimlist=\toks17
) (/usr/share/texlive/texmf-dist/tex/latex/pgf/basiclayer/pgfcore.sty (/usr/share/texlive/texmf-dist/tex/latex/graphics/graphicx.sty
Package: graphicx 2021/09/16 v1.2d Enhanced LaTeX Graphics (DPC,SPQR)
 (/usr/share/texlive/texmf-dist/tex/latex/graphics/graphics.sty
Package: graphics 2021/03/04 v1.4d Standard LaTeX Graphics (DPC,SPQR)
 (/usr/share/texlive/texmf-dist/tex/latex/graphics/trig.sty
Package: trig 2021/08/11 v1.11 sin cos tan (DPC)
) (/usr/share/texlive/texmf-dist/tex/latex/graphics-cfg/graphics.cfg
File: graphics.cfg 2016/06/04 v1.11 sample graphics configuration
)
Package graphics Info: Driver file: pdftex.def on input line 107.
 (/usr/share/texlive/texmf-dist/tex/latex/graphics-def/pdftex.def
File: pdftex.def 2020/10/05 v1.2a Graphics/color driver for pdftex
))
\Gin@req@height=\dimen162
\Gin@req@width=\dimen163
) (/usr/share/texlive/texmf-dist/tex/latex/pgf/systemlayer/pgfsys.sty (/usr/share/texlive/texmf-dist/tex/latex/pgf/utilities/pgfrcs.sty (/usr/share/texlive/texmf-dist/tex/generic/pgf/utilities/pgfutil-common.tex
\pgfutil@everybye=\toks18
\pgfutil@tempdima=\dimen164
\pgfutil@tempdimb=\dimen165
 (/usr/share/texlive/texmf-dist/tex/generic/pgf/utilities/pgfutil-common-lists.tex)) (/usr/share/texlive/texmf-dist/tex/generic/pgf/utilities/pgfutil-latex.def
\pgfutil@abb=\box59
) (/usr/share/texlive/texmf-dist/tex/generic/pgf/utilities/pgfrcs.code.tex (/usr/share/texlive/texmf-dist/tex/generic/pgf/pgf.revision.tex)
Package: pgfrcs 2021/05/15 v3.1.9a (3.1.9a)
)) (/usr/share/texlive/texmf-dist/tex/generic/pgf/systemlayer/pgfsys.code.tex
Package: pgfsys 2021/05/15 v3.1.9a (3.1.9a)
 (/usr/share/texlive/texmf-dist/tex/generic/pgf/utilities/pgfkeys.code.tex
\pgfkeys@pathtoks=\toks19
\pgfkeys@temptoks=\toks20
 (/usr/share/texlive/texmf-dist/tex/generic/pgf/utilities/pgfkeysfiltered.code.tex
\pgfkeys@tmptoks=\toks21
))
\pgf@x=\dimen166
\pgf@y=\dimen167
\pgf@xa=\dimen168
\pgf@ya=\dimen169
\pgf@xb=\dimen170
\pgf@yb=\dimen171
\pgf@xc=\dimen172
\pgf@yc=\dimen173
\pgf@xd=\dimen174
\pgf@yd=\dimen175
\w@pgf@writea=\write3
\r@pgf@reada=\read2
\c@pgf@counta=\count280
\c@pgf@countb=\count281
\c@pgf@countc=\count282
\c@pgf@countd=\count283
\t@pgf@toka=\toks22
\t@pgf@tokb=\toks23
\t@pgf@tokc=\toks24
\pgf@sys@id@count=\count284
 (/usr/share/texlive/texmf-dist/tex/generic/pgf/systemlayer/pgf.cfg
File: pgf.cfg 2021/05/15 v3.1.9a (3.1.9a)
)
Driver file for pgf: pgfsys-pdftex.def
 (/usr/share/texlive/texmf-dist/tex/generic/pgf/systemlayer/pgfsys-pdftex.def
File: pgfsys-pdftex.def 2021/05/15 v3.1.9a (3.1.9a)
 (/usr/share/texlive/texmf-dist/tex/generic/pgf/systemlayer/pgfsys-common-pdf.def
File: pgfsys-common-pdf.def 2021/05/15 v3.1.9a (3.1.9a)
))) (/usr/share/texlive/texmf-dist/tex/generic/pgf/systemlayer/pgfsyssoftpath.code.tex
File: pgfsyssoftpath.code.tex 2021/05/15 v3.1.9a (3.1.9a)
\pgfsyssoftpath@smallbuffer@items=\count285
\pgfsyssoftpath@bigbuffer@items=\count286
) (/usr/share/texlive/texmf-dist/tex/generic/pgf/systemlayer/pgfsysprotocol.code.tex
File: pgfsysprotocol.code.tex 2021/05/15 v3.1.9a (3.1.9a)
)) (/usr/share/texlive/texmf-dist/tex/latex/xcolor/xcolor.sty
Package: xcolor 2021/10/31 v2.13 LaTeX color extensions (UK)
 (/usr/share/texlive/texmf-dist/tex/latex/graphics-cfg/color.cfg
File: color.cfg 2016/01/02 v1.6 sample color configuration
)
Package xcolor Info: Driver file: pdftex.def on input line 227.
Package xcolor Info: Model `cmy' substituted by `cmy0' on input line 1352.
Package xcolor Info: Model `hsb' substituted by `rgb' on input line 1356.
Package xcolor Info: Model `RGB' extended on input line 1368.
Package xcolor Info: Model `HTML' substituted by `rgb' on input line 1370.
Package xcolor Info: Model `Hsb' substituted by `hsb' on input line 1371.
Package xcolor Info: Model `tHsb' substituted by `hsb' on input line 1372.
Package xcolor Info: Model `HSB' substituted by `hsb' on input line 1373.
Package xcolor Info: Model `Gray' substituted by `gray' on input line 1374.
Package xcolor Info: Model `wave' substituted by `hsb' on input line 1375.
) (/usr/share/texlive/texmf-dist/tex/generic/pgf/basiclayer/pgfcore.code.tex
Package: pgfcore 2021/05/15 v3.1.9a (3.1.9a)
 (/usr/share/texlive/texmf-dist/tex/generic/pgf/math/pgfmath.code.tex (/usr/share/texlive/texmf-dist/tex/generic/pgf/math/pgfmathcalc.code.tex (/usr/share/texlive/texmf-dist/tex/generic/pgf/math/pgfmathutil.code.tex) (/usr/share/texlive/texmf-dist/tex/generic/pgf/math/pgfmathparser.code.tex
\pgfmath@dimen=\dimen176
\pgfmath@count=\count287
\pgfmath@box=\box60
\pgfmath@toks=\toks25
\pgfmath@stack@operand=\toks26
\pgfmath@stack@operation=\toks27
) (/usr/share/texlive/texmf-dist/tex/generic/pgf/math/pgfmathfunctions.code.tex (/usr/share/texlive/texmf-dist/tex/generic/pgf/math/pgfmathfunctions.basic.code.tex) (/usr/share/texlive/texmf-dist/tex/generic/pgf/math/pgfmathfunctions.trigonometric.code.tex) (/usr/share/texlive/texmf-dist/tex/generic/pgf/math/pgfmathfunctions.random.code.tex) (/usr/share/texlive/texmf-dist/tex/generic/pgf/math/pgfmathfunctions.comparison.code.tex) (/usr/share/texlive/texmf-dist/tex/generic/pgf/math/pgfmathfunctions.base.code.tex) (/usr/share/texlive/texmf-dist/tex/generic/pgf/math/pgfmathfunctions.round.code.tex) (/usr/share/texlive/texmf-dist/tex/generic/pgf/math/pgfmathfunctions.misc.code.tex) (/usr/share/texlive/texmf-dist/tex/generic/pgf/math/pgfmathfunctions.integerarithmetics.code.tex))) (/usr/share/texlive/texmf-dist/tex/generic/pgf/math/pgfmathfloat.code.tex
\c@pgfmathroundto@lastzeros=\count288
)) (/usr/share/texlive/texmf-dist/tex/generic/pgf/math/pgfint.code.tex) (/usr/share/texlive/texmf-dist/tex/generic/pgf/basiclayer/pgfcorepoints.code.tex
File: pgfcorepoints.code.tex 2021/05/15 v3.1.9a (3.1.9a)
\pgf@picminx=\dimen177
\pgf@picmaxx=\dimen178
\pgf@picminy=\dimen179
\pgf@picmaxy=\dimen180
\pgf@pathminx=\dimen181
\pgf@pathmaxx=\dimen182
\pgf@pathminy=\dimen183
\pgf@pathmaxy=\dimen184
\pgf@xx=\dimen185
\pgf@xy=\dimen186
\pgf@yx=\dimen187
\pgf@yy=\dimen188
\pgf@zx=\dimen189
\pgf@zy=\dimen190
) (/usr/share/texlive/texmf-dist/tex/generic/pgf/basiclayer/pgfcorepathconstruct.code.tex
File: pgfcorepathconstruct.code.tex 2021/05/15 v3.1.9a (3.1.9a)
\pgf@path@lastx=\dimen191
\pgf@path@lasty=\dimen192
) (/usr/share/texlive/texmf-dist/tex/generic/pgf/basiclayer/pgfcorepathusage.code.tex
File: pgfcorepathusage.code.tex 2021/05/15 v3.1.9a (3.1.9a)
\pgf@shorten@end@additional=\dimen193
\pgf@shorten@start@additional=\dimen194
) (/usr/share/texlive/texmf-dist/tex/generic/pgf/basiclayer/pgfcorescopes.code.tex
File: pgfcorescopes.code.tex 2021/05/15 v3.1.9a (3.1.9a)
\pgfpic=\box61
\pgf@hbox=\box62
\pgf@layerbox@main=\box63
\pgf@picture@serial@count=\count289
) (/usr/share/texlive/texmf-dist/tex/generic/pgf/basiclayer/pgfcoregraphicstate.code.tex
File: pgfcoregraphicstate.code.tex 2021/05/15 v3.1.9a (3.1.9a)
\pgflinewidth=\dimen195
) (/usr/share/texlive/texmf-dist/tex/generic/pgf/basiclayer/pgfcoretransformations.code.tex
File: pgfcoretransformations.code.tex 2021/05/15 v3.1.9a (3.1.9a)
\pgf@pt@x=\dimen196
\pgf@pt@y=\dimen197
\pgf@pt@temp=\dimen198
) (/usr/share/texlive/texmf-dist/tex/generic/pgf/basiclayer/pgfcorequick.code.tex
File: pgfcorequick.code.tex 2021/05/15 v3.1.9a (3.1.9a)
) (/usr/share/texlive/texmf-dist/tex/generic/pgf/basiclayer/pgfcoreobjects.code.tex
File: pgfcoreobjects.code.tex 2021/05/15 v3.1.9a (3.1.9a)
) (/usr/share/texlive/texmf-dist/tex/generic/pgf/basiclayer/pgfcorepathprocessing.code.tex
File: pgfcorepathprocessing.code.tex 2021/05/15 v3.1.9a (3.1.9a)
) (/usr/share/texlive/texmf-dist/tex/generic/pgf/basiclayer/pgfcorearrows.code.tex
File: pgfcorearrows.code.tex 2021/05/15 v3.1.9a (3.1.9a)
\pgfarrowsep=\dimen199
) (/usr/share/texlive/texmf-dist/tex/generic/pgf/basiclayer/pgfcoreshade.code.tex
File: pgfcoreshade.code.tex 2021/05/15 v3.1.9a (3.1.9a)
\pgf@max=\dimen256
\pgf@sys@shading@range@num=\count290
\pgf@shadingcount=\count291
) (/usr/share/texlive/texmf-dist/tex/generic/pgf/basiclayer/pgfcoreimage.code.tex
File: pgfcoreimage.code.tex 2021/05/15 v3.1.9a (3.1.9a)
 (/usr/share/texlive/texmf-dist/tex/generic/pgf/basiclayer/pgfcoreexternal.code.tex
File: pgfcoreexternal.code.tex 2021/05/15 v3.1.9a (3.1.9a)
\pgfexternal@startupbox=\box64
)) (/usr/share/texlive/texmf-dist/tex/generic/pgf/basiclayer/pgfcorelayers.code.tex
File: pgfcorelayers.code.tex 2021/05/15 v3.1.9a (3.1.9a)
) (/usr/share/texlive/texmf-dist/tex/generic/pgf/basiclayer/pgfcoretransparency.code.tex
File: pgfcoretransparency.code.tex 2021/05/15 v3.1.9a (3.1.9a)
) (/usr/share/texlive/texmf-dist/tex/generic/pgf/basiclayer/pgfcorepatterns.code.tex
File: pgfcorepatterns.code.tex 2021/05/15 v3.1.9a (3.1.9a)
) (/usr/share/texlive/texmf-dist/tex/generic/pgf/basiclayer/pgfcorerdf.code.tex
File: pgfcorerdf.code.tex 2021/05/15 v3.1.9a (3.1.9a)
))) (/usr/share/texlive/texmf-dist/tex/latex/base/size11.clo
File: size11.clo 2021/10/04 v1.4n Standard LaTeX file (size option)
) (/usr/share/texlive/texmf-dist/tex/latex/pgf/utilities/xxcolor.sty
Package: xxcolor 2003/10/24 ver 0.1
\XC@nummixins=\count292
\XC@countmixins=\count293
) (/usr/share/texlive/texmf-dist/tex/latex/base/atbegshi-ltx.sty
Package: atbegshi-ltx 2021/01/10 v1.0c Emulation of the original atbegshi
package with kernel methods
) (/usr/share/texlive/texmf-dist/tex/latex/hyperref/hyperref.sty
Package: hyperref 2021-06-07 v7.00m Hypertext links for LaTeX
 (/usr/share/texlive/texmf-dist/tex/generic/ltxcmds/ltxcmds.sty
Package: ltxcmds 2020-05-10 v1.25 LaTeX kernel commands for general use (HO)
) (/usr/share/texlive/texmf-dist/tex/generic/pdftexcmds/pdftexcmds.sty
Package: pdftexcmds 2020-06-27 v0.33 Utility functions of pdfTeX for LuaTeX (HO)
 (/usr/share/texlive/texmf-dist/tex/generic/infwarerr/infwarerr.sty
Package: infwarerr 2019/12/03 v1.5 Providing info/warning/error messages (HO)
)
Package pdftexcmds Info: \pdf@primitive is available.
Package pdftexcmds Info: \pdf@ifprimitive is available.
Package pdftexcmds Info: \pdfdraftmode found.
) (/usr/share/texlive/texmf-dist/tex/generic/kvsetkeys/kvsetkeys.sty
Package: kvsetkeys 2019/12/15 v1.18 Key value parser (HO)
) (/usr/share/texlive/texmf-dist/tex/generic/kvdefinekeys/kvdefinekeys.sty
Package: kvdefinekeys 2019-12-19 v1.6 Define keys (HO)
) (/usr/share/texlive/texmf-dist/tex/generic/pdfescape/pdfescape.sty
Package: pdfescape 2019/12/09 v1.15 Implements pdfTeX's escape features (HO)
) (/usr/share/texlive/texmf-dist/tex/latex/hycolor/hycolor.sty
Package: hycolor 2020-01-27 v1.10 Color options for hyperref/bookmark (HO)
) (/usr/share/texlive/texmf-dist/tex/latex/letltxmacro/letltxmacro.sty
Package: letltxmacro 2019/12/03 v1.6 Let assignment for LaTeX macros (HO)
) (/usr/share/texlive/texmf-dist/tex/latex/auxhook/auxhook.sty
Package: auxhook 2019-12-17 v1.6 Hooks for auxiliary files (HO)
) (/usr/share/texlive/texmf-dist/tex/latex/kvoptions/kvoptions.sty
Package: kvoptions 2020-10-07 v3.14 Key value format for package options (HO)
)
\@linkdim=\dimen257
\Hy@linkcounter=\count294
\Hy@pagecounter=\count295
 (/usr/share/texlive/texmf-dist/tex/latex/hyperref/pd1enc.def
File: pd1enc.def 2021-06-07 v7.00m Hyperref: PDFDocEncoding definition (HO)
Now handling font encoding PD1 ...
... no UTF-8 mapping file for font encoding PD1
) (/usr/share/texlive/texmf-dist/tex/latex/hyperref/hyperref-langpatches.def
File: hyperref-langpatches.def 2021-06-07 v7.00m Hyperref: patches for babel languages
) (/usr/share/texlive/texmf-dist/tex/generic/intcalc/intcalc.sty
Package: intcalc 2019/12/15 v1.3 Expandable calculations with integers (HO)
) (/usr/share/texlive/texmf-dist/tex/generic/etexcmds/etexcmds.sty
Package: etexcmds 2019/12/15 v1.7 Avoid name clashes with e-TeX commands (HO)
)
\Hy@SavedSpaceFactor=\count296
 (/usr/share/texlive/texmf-dist/tex/latex/hyperref/puenc.def
File: puenc.def 2021-06-07 v7.00m Hyperref: PDF Unicode definition (HO)
Now handling font encoding PU ...
... no UTF-8 mapping file for font encoding PU
)
Package hyperref Info: Option `bookmarks' set `true' on input line 4073.
Package hyperref Info: Option `bookmarksopen' set `true' on input line 4073.
Package hyperref Info: Option `implicit' set `false' on input line 4073.
Package hyperref Info: Hyper figures OFF on input line 4192.
Package hyperref Info: Link nesting OFF on input line 4197.
Package hyperref Info: Hyper index ON on input line 4200.
Package hyperref Info: Plain pages OFF on input line 4207.
Package hyperref Info: Backreferencing OFF on input line 4212.
Package hyperref Info: Implicit mode OFF; no redefinition of LaTeX internals.
Package hyperref Info: Bookmarks ON on input line 4445.
\c@Hy@tempcnt=\count297
 (/usr/share/texlive/texmf-dist/tex/latex/url/url.sty
\Urlmuskip=\muskip16
Package: url 2013/09/16  ver 3.4  Verb mode for urls, etc.
)
LaTeX Info: Redefining \url on input line 4804.
\XeTeXLinkMargin=\dimen258
 (/usr/share/texlive/texmf-dist/tex/generic/bitset/bitset.sty
Package: bitset 2019/12/09 v1.3 Handle bit-vector datatype (HO)
 (/usr/share/texlive/texmf-dist/tex/generic/bigintcalc/bigintcalc.sty
Package: bigintcalc 2019/12/15 v1.5 Expandable calculations on big integers (HO)
))
\Fld@menulength=\count298
\Field@Width=\dimen259
\Fld@charsize=\dimen260
Package hyperref Info: Hyper figures OFF on input line 6076.
Package hyperref Info: Link nesting OFF on input line 6081.
Package hyperref Info: Hyper index ON on input line 6084.
Package hyperref Info: backreferencing OFF on input line 6091.
Package hyperref Info: Link coloring OFF on input line 6096.
Package hyperref Info: Link coloring with OCG OFF on input line 6101.
Package hyperref Info: PDF/A mode OFF on input line 6106.
LaTeX Info: Redefining \ref on input line 6146.
LaTeX Info: Redefining \pageref on input line 6150.
\Hy@abspage=\count299


Package hyperref Message: Stopped early.

)
Package hyperref Info: Driver (autodetected): hpdftex.
 (/usr/share/texlive/texmf-dist/tex/latex/hyperref/hpdftex.def
File: hpdftex.def 2021-06-07 v7.00m Hyperref driver for pdfTeX
 (/usr/share/texlive/texmf-dist/tex/latex/base/atveryend-ltx.sty
Package: atveryend-ltx 2020/08/19 v1.0a Emulation of the original atveryend package
with kernel methods
)
\Fld@listcount=\count300
\c@bookmark@seq@number=\count301
 (/usr/share/texlive/texmf-dist/tex/latex/rerunfilecheck/rerunfilecheck.sty
Package: rerunfilecheck 2019/12/05 v1.9 Rerun checks for auxiliary files (HO)
 (/usr/share/texlive/texmf-dist/tex/generic/uniquecounter/uniquecounter.sty
Package: uniquecounter 2019/12/15 v1.4 Provide unlimited unique counter (HO)
)
Package uniquecounter Info: New unique counter `rerunfilecheck' on input line 286.
)) (/usr/share/texlive/texmf-dist/tex/latex/beamer/beamerbaserequires.sty (/usr/share/texlive/texmf-dist/tex/latex/beamer/beamerbasecompatibility.sty) (/usr/share/texlive/texmf-dist/tex/latex/beamer/beamerbasefont.sty (/usr/share/texlive/texmf-dist/tex/latex/amsfonts/amssymb.sty
Package: amssymb 2013/01/14 v3.01 AMS font symbols
 (/usr/share/texlive/texmf-dist/tex/latex/amsfonts/amsfonts.sty
Package: amsfonts 2013/01/14 v3.01 Basic AMSFonts support
\@emptytoks=\toks28
\symAMSa=\mathgroup4
\symAMSb=\mathgroup5
LaTeX Font Info:    Redeclaring math symbol \hbar on input line 98.
LaTeX Font Info:    Overwriting math alphabet `\mathfrak' in version `bold'
(Font)                  U/euf/m/n --> U/euf/b/n on input line 106.
))) (/usr/share/texlive/texmf-dist/tex/latex/beamer/beamerbasetranslator.sty (/usr/share/texlive/texmf-dist/tex/latex/translator/translator.sty
Package: translator 2021-05-31 v1.12d Easy translation of strings in LaTeX
)) (/usr/share/texlive/texmf-dist/tex/latex/beamer/beamerbasemisc.sty) (/usr/share/texlive/texmf-dist/tex/latex/beamer/beamerbasetwoscreens.sty) (/usr/share/texlive/texmf-dist/tex/latex/beamer/beamerbaseoverlay.sty
\beamer@argscount=\count302
\beamer@lastskipcover=\skip50
\beamer@trivlistdepth=\count303
) (/usr/share/texlive/texmf-dist/tex/latex/beamer/beamerbasetitle.sty) (/usr/share/texlive/texmf-dist/tex/latex/beamer/beamerbasesection.sty
\c@lecture=\count304
\c@part=\count305
\c@section=\count306
\c@subsection=\count307
\c@subsubsection=\count308
) (/usr/share/texlive/texmf-dist/tex/latex/beamer/beamerbaseframe.sty
\beamer@framebox=\box65
\beamer@frametitlebox=\box66
\beamer@zoombox=\box67
\beamer@zoomcount=\count309
\beamer@zoomframecount=\count310
\beamer@frametextheight=\dimen261
\c@subsectionslide=\count311
\beamer@frametopskip=\skip51
\beamer@framebottomskip=\skip52
\beamer@frametopskipautobreak=\skip53
\beamer@framebottomskipautobreak=\skip54
\beamer@envbody=\toks29
\framewidth=\dimen262
\c@framenumber=\count312
) (/usr/share/texlive/texmf-dist/tex/latex/beamer/beamerbaseverbatim.sty
\beamer@verbatimfileout=\write4
) (/usr/share/texlive/texmf-dist/tex/latex/beamer/beamerbaseframesize.sty
\beamer@splitbox=\box68
\beamer@autobreakcount=\count313
\beamer@autobreaklastheight=\dimen263
\beamer@frametitletoks=\toks30
\beamer@framesubtitletoks=\toks31
) (/usr/share/texlive/texmf-dist/tex/latex/beamer/beamerbaseframecomponents.sty
\beamer@footins=\box69
) (/usr/share/texlive/texmf-dist/tex/latex/beamer/beamerbasecolor.sty) (/usr/share/texlive/texmf-dist/tex/latex/beamer/beamerbasenotes.sty
\beamer@frameboxcopy=\box70
) (/usr/share/texlive/texmf-dist/tex/latex/beamer/beamerbasetoc.sty) (/usr/share/texlive/texmf-dist/tex/latex/beamer/beamerbasetemplates.sty
\beamer@sbttoks=\toks32
 (/usr/share/texlive/texmf-dist/tex/latex/beamer/beamerbaseauxtemplates.sty (/usr/share/texlive/texmf-dist/tex/latex/beamer/beamerbaseboxes.sty
\bmb@box=\box71
\bmb@colorbox=\box72
\bmb@boxwidth=\dimen264
\bmb@boxheight=\dimen265
\bmb@prevheight=\dimen266
\bmb@temp=\dimen267
\bmb@dima=\dimen268
\bmb@dimb=\dimen269
\bmb@prevheight=\dimen270
)
\beamer@blockheadheight=\dimen271
)) (/usr/share/texlive/texmf-dist/tex/latex/beamer/beamerbaselocalstructure.sty (/usr/share/texlive/texmf-dist/tex/latex/tools/enumerate.sty
Package: enumerate 2015/07/23 v3.00 enumerate extensions (DPC)
\@enLab=\toks33
)
\beamer@bibiconwidth=\skip55
\c@figure=\count314
\c@table=\count315
\abovecaptionskip=\skip56
\belowcaptionskip=\skip57
) (/usr/share/texlive/texmf-dist/tex/latex/beamer/beamerbasenavigation.sty
\beamer@section@min@dim=\dimen272
) (/usr/share/texlive/texmf-dist/tex/latex/beamer/beamerbasetheorems.sty (/usr/share/texlive/texmf-dist/tex/latex/amsmath/amsmath.sty
Package: amsmath 2021/10/15 v2.17l AMS math features
\@mathmargin=\skip58

For additional information on amsmath, use the `?' option.
(/usr/share/texlive/texmf-dist/tex/latex/amsmath/amstext.sty
Package: amstext 2021/08/26 v2.01 AMS text
 (/usr/share/texlive/texmf-dist/tex/latex/amsmath/amsgen.sty
File: amsgen.sty 1999/11/30 v2.0 generic functions
\@emptytoks=\toks34
\ex@=\dimen273
)) (/usr/share/texlive/texmf-dist/tex/latex/amsmath/amsbsy.sty
Package: amsbsy 1999/11/29 v1.2d Bold Symbols
\pmbraise@=\dimen274
) (/usr/share/texlive/texmf-dist/tex/latex/amsmath/amsopn.sty
Package: amsopn 2021/08/26 v2.02 operator names
)
\inf@bad=\count316
LaTeX Info: Redefining \frac on input line 234.
\uproot@=\count317
\leftroot@=\count318
LaTeX Info: Redefining \overline on input line 399.
\classnum@=\count319
\DOTSCASE@=\count320
LaTeX Info: Redefining \ldots on input line 496.
LaTeX Info: Redefining \dots on input line 499.
LaTeX Info: Redefining \cdots on input line 620.
\Mathstrutbox@=\box73
\strutbox@=\box74
\big@size=\dimen275
LaTeX Font Info:    Redeclaring font encoding OML on input line 743.
LaTeX Font Info:    Redeclaring font encoding OMS on input line 744.
\macc@depth=\count321
\c@MaxMatrixCols=\count322
\dotsspace@=\muskip17
\c@parentequation=\count323
\dspbrk@lvl=\count324
\tag@help=\toks35
\row@=\count325
\column@=\count326
\maxfields@=\count327
\andhelp@=\toks36
\eqnshift@=\dimen276
\alignsep@=\dimen277
\tagshift@=\dimen278
\tagwidth@=\dimen279
\totwidth@=\dimen280
\lineht@=\dimen281
\@envbody=\toks37
\multlinegap=\skip59
\multlinetaggap=\skip60
\mathdisplay@stack=\toks38
LaTeX Info: Redefining \[ on input line 2938.
LaTeX Info: Redefining \] on input line 2939.
) (/usr/share/texlive/texmf-dist/tex/latex/amscls/amsthm.sty
Package: amsthm 2020/05/29 v2.20.6
\thm@style=\toks39
\thm@bodyfont=\toks40
\thm@headfont=\toks41
\thm@notefont=\toks42
\thm@headpunct=\toks43
\thm@preskip=\skip61
\thm@postskip=\skip62
\thm@headsep=\skip63
\dth@everypar=\toks44
)
\c@theorem=\count328
) (/usr/share/texlive/texmf-dist/tex/latex/beamer/beamerbasethemes.sty)) (/usr/share/texlive/texmf-dist/tex/latex/beamer/beamerthemedefault.sty (/usr/share/texlive/texmf-dist/tex/latex/beamer/beamerfontthemedefault.sty) (/usr/share/texlive/texmf-dist/tex/latex/beamer/beamercolorthemedefault.sty) (/usr/share/texlive/texmf-dist/tex/latex/beamer/beamerinnerthemedefault.sty
\beamer@dima=\dimen282
\beamer@dimb=\dimen283
) (/usr/share/texlive/texmf-dist/tex/latex/beamer/beamerouterthemedefault.sty))) (/usr/share/texlive/texmf-dist/tex/latex/base/fontenc.sty
Package: fontenc 2021/04/29 v2.0v Standard LaTeX package
) (/usr/share/texlive/texmf-dist/tex/latex/base/inputenc.sty
Package: inputenc 2021/02/14 v1.3d Input encoding file
\inpenc@prehook=\toks45
\inpenc@posthook=\toks46
) (/usr/share/texlive/texmf-dist/tex/generic/babel/babel.sty
Package: babel 2022/01/26 3.70 The Babel package
\babel@savecnt=\count329
\U@D=\dimen284
\l@unhyphenated=\language9
 (/usr/share/texlive/texmf-dist/tex/generic/babel/txtbabel.def)
\bbl@readstream=\read3
LaTeX Info: Redefining \textlatin on input line 3967.
\bbl@dirlevel=\count330
 (/usr/share/texlive/texmf-dist/tex/generic/babel-english/english.ldf
Language: english 2017/06/06 v3.3r English support from the babel system
Package babel Info: Hyphen rules for 'canadian' set to \l@english
(babel)             (\language0). Reported on input line 102.
Package babel Info: Hyphen rules for 'australian' set to \l@ukenglish
(babel)             (\language6). Reported on input line 105.
Package babel Info: Hyphen rules for 'newzealand' set to \l@ukenglish
(babel)             (\language6). Reported on input line 108.
)) (/usr/share/texlive/texmf-dist/tex/latex/base/alltt.sty
Package: alltt 2021/01/29 v2.0g defines alltt environment
) (/usr/share/texlive/texmf-dist/tex/latex/jknapltx/mathrsfs.sty
Package: mathrsfs 1996/01/01 Math RSFS package v1.0 (jk)
\symrsfs=\mathgroup6
) (/usr/share/texlive/texmf-dist/tex/latex/tools/multicol.sty
Package: multicol 2021/10/28 v1.9b multicolumn formatting (FMi)
\c@tracingmulticols=\count331
\mult@box=\box75
\multicol@leftmargin=\dimen285
\c@unbalance=\count332
\c@collectmore=\count333
\doublecol@number=\count334
\multicoltolerance=\count335
\multicolpretolerance=\count336
\full@width=\dimen286
\page@free=\dimen287
\premulticols=\dimen288
\postmulticols=\dimen289
\multicolsep=\skip64
\multicolbaselineskip=\skip65
\partial@page=\box76
\last@line=\box77
\maxbalancingoverflow=\dimen290
\mult@rightbox=\box78
\mult@grightbox=\box79
\mult@firstbox=\box80
\mult@gfirstbox=\box81
\@tempa=\box82
\@tempa=\box83
\@tempa=\box84
\@tempa=\box85
\@tempa=\box86
\@tempa=\box87
\@tempa=\box88
\@tempa=\box89
\@tempa=\box90
\@tempa=\box91
\@tempa=\box92
\@tempa=\box93
\@tempa=\box94
\@tempa=\box95
\@tempa=\box96
\@tempa=\box97
\@tempa=\box98
\@tempa=\box99
\@tempa=\box100
\@tempa=\box101
\@tempa=\box102
\@tempa=\box103
\@tempa=\box104
\@tempa=\box105
\@tempa=\box106
\@tempa=\box107
\@tempa=\box108
\@tempa=\box109
\@tempa=\box110
\@tempa=\box111
\@tempa=\box112
\@tempa=\box113
\@tempa=\box114
\@tempa=\box115
\@tempa=\box116
\@tempa=\box117
\c@minrows=\count337
\c@columnbadness=\count338
\c@finalcolumnbadness=\count339
\last@try=\dimen291
\multicolovershoot=\dimen292
\multicolundershoot=\dimen293
\mult@nat@firstbox=\box118
\colbreak@box=\box119
\mc@col@check@num=\count340
) (/usr/share/texlive/texmf-dist/tex/latex/subfigure/subfigure.sty
Package: subfigure 2002/03/15 v2.1.5 subfigure package
\subfigtopskip=\skip66
\subfigcapskip=\skip67
\subfigcaptopadj=\dimen294
\subfigbottomskip=\skip68
\subfigcapmargin=\dimen295
\subfiglabelskip=\skip69
\c@subfigure=\count341
\c@lofdepth=\count342
\c@subtable=\count343
\c@lotdepth=\count344

****************************************
* Local config file subfigure.cfg used *
****************************************
(/usr/share/texlive/texmf-dist/tex/latex/subfigure/subfigure.cfg)
\subfig@top=\skip70
\subfig@bottom=\skip71
) (/usr/share/texlive/texmf-dist/tex/latex/ragged2e/ragged2e.sty
Package: ragged2e 2021/12/15 v3.1 ragged2e Package
\CenteringLeftskip=\skip72
\RaggedLeftLeftskip=\skip73
\RaggedRightLeftskip=\skip74
\CenteringRightskip=\skip75
\RaggedLeftRightskip=\skip76
\RaggedRightRightskip=\skip77
\CenteringParfillskip=\skip78
\RaggedLeftParfillskip=\skip79
\RaggedRightParfillskip=\skip80
\JustifyingParfillskip=\skip81
\CenteringParindent=\skip82
\RaggedLeftParindent=\skip83
\RaggedRightParindent=\skip84
\JustifyingParindent=\skip85
) (/usr/share/texlive/texmf-dist/tex/latex/booktabs/booktabs.sty
Package: booktabs 2020/01/12 v1.61803398 Publication quality tables
\heavyrulewidth=\dimen296
\lightrulewidth=\dimen297
\cmidrulewidth=\dimen298
\belowrulesep=\dimen299
\belowbottomsep=\dimen300
\aboverulesep=\dimen301
\abovetopsep=\dimen302
\cmidrulesep=\dimen303
\cmidrulekern=\dimen304
\defaultaddspace=\dimen305
\@cmidla=\count345
\@cmidlb=\count346
\@aboverulesep=\dimen306
\@belowrulesep=\dimen307
\@thisruleclass=\count347
\@lastruleclass=\count348
\@thisrulewidth=\dimen308
) (/usr/share/texlive/texmf-dist/tex/latex/makecell/makecell.sty
Package: makecell 2009/08/03 V0.1e Managing of Tab Column Heads and Cells
 (/usr/share/texlive/texmf-dist/tex/latex/tools/array.sty
Package: array 2021/10/04 v2.5f Tabular extension package (FMi)
\col@sep=\dimen309
\ar@mcellbox=\box120
\extrarowheight=\dimen310
\NC@list=\toks47
\extratabsurround=\skip86
\backup@length=\skip87
\ar@cellbox=\box121
)
\rotheadsize=\dimen311
\c@nlinenum=\count349
\TeXr@lab=\toks48
) (/usr/share/texlive/texmf-dist/tex/latex/beamer/beamerfontthemeprofessionalfonts.sty) (./beamerthemecinvestavbokumantle.sty (/usr/share/texlive/texmf-dist/tex/latex/textpos/textpos.sty
Package: textpos 2020/09/26 v1.10

Package: textpos 2020/09/26 1.10, absolute positioning of text on the page
Package textpos Info: choosing support for LaTeX3 on input line 61.
\TP@textbox=\box122
\TP@holdbox=\box123
\TPHorizModule=\dimen312
\TPVertModule=\dimen313
\TP@margin=\dimen314
\TP@absmargin=\dimen315
Grid set 16 x 16 = 22.7622pt x 17.07166pt
\TPboxrulesize=\dimen316
\TP@ox=\dimen317
\TP@oy=\dimen318
\TP@tbargs=\toks49
TextBlockOrigin set to 0pt x 0pt
) (/usr/share/texlive/texmf-dist/tex/latex/beamer/beamerinnerthemerounded.sty)) (/usr/share/texlive/texmf-dist/tex/latex/l3backend/l3backend-pdftex.def
File: l3backend-pdftex.def 2022-01-12 L3 backend support: PDF output (pdfTeX)
\l__color_backend_stack_int=\count350
\l__pdf_internal_box=\box124
) (./presentation.aux)
\openout1 = `presentation.aux'.

LaTeX Font Info:    Checking defaults for OML/cmm/m/it on input line 22.
LaTeX Font Info:    ... okay on input line 22.
LaTeX Font Info:    Checking defaults for OMS/cmsy/m/n on input line 22.
LaTeX Font Info:    ... okay on input line 22.
LaTeX Font Info:    Checking defaults for OT1/cmr/m/n on input line 22.
LaTeX Font Info:    ... okay on input line 22.
LaTeX Font Info:    Checking defaults for T1/cmr/m/n on input line 22.
LaTeX Font Info:    ... okay on input line 22.
LaTeX Font Info:    Checking defaults for TS1/cmr/m/n on input line 22.
LaTeX Font Info:    ... okay on input line 22.
LaTeX Font Info:    Checking defaults for OMX/cmex/m/n on input line 22.
LaTeX Font Info:    ... okay on input line 22.
LaTeX Font Info:    Checking defaults for U/cmr/m/n on input line 22.
LaTeX Font Info:    ... okay on input line 22.
LaTeX Font Info:    Checking defaults for PD1/pdf/m/n on input line 22.
LaTeX Font Info:    ... okay on input line 22.
LaTeX Font Info:    Checking defaults for PU/pdf/m/n on input line 22.
LaTeX Font Info:    ... okay on input line 22.

*geometry* driver: auto-detecting
*geometry* detected driver: pdftex
*geometry* verbose mode - [ preamble ] result:
* driver: pdftex
* paper: custom
* layout: <same size as paper>
* layoutoffset:(h,v)=(0.0pt,0.0pt)
* modes: includehead includefoot 
* h-part:(L,W,R)=(28.45274pt, 307.28987pt, 28.45274pt)
* v-part:(T,H,B)=(0.0pt, 273.14662pt, 0.0pt)
* \paperwidth=364.19536pt
* \paperheight=273.14662pt
* \textwidth=307.28987pt
* \textheight=244.6939pt
* \oddsidemargin=-43.81725pt
* \evensidemargin=-43.81725pt
* \topmargin=-72.26999pt
* \headheight=14.22636pt
* \headsep=0.0pt
* \topskip=11.0pt
* \footskip=14.22636pt
* \marginparwidth=4.0pt
* \marginparsep=10.0pt
* \columnsep=10.0pt
* \skip\footins=10.0pt plus 4.0pt minus 2.0pt
* \hoffset=0.0pt
* \voffset=0.0pt
* \mag=1000
* \@twocolumnfalse
* \@twosidefalse
* \@mparswitchfalse
* \@reversemarginfalse
* (1in=72.27pt=25.4mm, 1cm=28.453pt)

(/usr/share/texlive/texmf-dist/tex/context/base/mkii/supp-pdf.mkii
[Loading MPS to PDF converter (version 2006.09.02).]
\scratchcounter=\count351
\scratchdimen=\dimen319
\scratchbox=\box125
\nofMPsegments=\count352
\nofMParguments=\count353
\everyMPshowfont=\toks50
\MPscratchCnt=\count354
\MPscratchDim=\dimen320
\MPnumerator=\count355
\makeMPintoPDFobject=\count356
\everyMPtoPDFconversion=\toks51
) (/usr/share/texlive/texmf-dist/tex/latex/epstopdf-pkg/epstopdf-base.sty
Package: epstopdf-base 2020-01-24 v2.11 Base part for package epstopdf
Package epstopdf-base Info: Redefining graphics rule for `.eps' on input line 485.
 (/usr/share/texlive/texmf-dist/tex/latex/latexconfig/epstopdf-sys.cfg
File: epstopdf-sys.cfg 2010/07/13 v1.3 Configuration of (r)epstopdf for TeX Live
))
Package hyperref Info: Link coloring OFF on input line 22.
 (/usr/share/texlive/texmf-dist/tex/latex/hyperref/nameref.sty
Package: nameref 2021-04-02 v2.47 Cross-referencing by name of section
 (/usr/share/texlive/texmf-dist/tex/latex/refcount/refcount.sty
Package: refcount 2019/12/15 v3.6 Data extraction from label references (HO)
) (/usr/share/texlive/texmf-dist/tex/generic/gettitlestring/gettitlestring.sty
Package: gettitlestring 2019/12/15 v1.6 Cleanup title references (HO)
)
\c@section@level=\count357
)
LaTeX Info: Redefining \ref on input line 22.
LaTeX Info: Redefining \pageref on input line 22.
LaTeX Info: Redefining \nameref on input line 22.
 (./presentation.out) (./presentation.out)
\@outlinefile=\write5
\openout5 = `presentation.out'.

 (/usr/share/texlive/texmf-dist/tex/latex/translator/translator-basic-dictionary-English.dict
Dictionary: translator-basic-dictionary, Language: English 
) (/usr/share/texlive/texmf-dist/tex/latex/translator/translator-bibliography-dictionary-English.dict
Dictionary: translator-bibliography-dictionary, Language: English 
) (/usr/share/texlive/texmf-dist/tex/latex/translator/translator-environment-dictionary-English.dict
Dictionary: translator-environment-dictionary, Language: English 
) (/usr/share/texlive/texmf-dist/tex/latex/translator/translator-months-dictionary-English.dict
Dictionary: translator-months-dictionary, Language: English 
) (/usr/share/texlive/texmf-dist/tex/latex/translator/translator-numbers-dictionary-English.dict
Dictionary: translator-numbers-dictionary, Language: English 
) (/usr/share/texlive/texmf-dist/tex/latex/translator/translator-theorem-dictionary-English.dict
Dictionary: translator-theorem-dictionary, Language: English 
) (./presentation.nav)
<Figures/cover_logos.pdf, id=33, 578.91281pt x 543.25267pt>
File: Figures/cover_logos.pdf Graphic file (type pdf)
<use Figures/cover_logos.pdf>
Package pdftex.def Info: Figures/cover_logos.pdf  used on input line 27.
(pdftex.def)             Requested size: 364.19536pt x 341.76192pt.
 [1

{/var/lib/texmf/fonts/map/pdftex/updmap/pdftex.map} <./Figures/cover_logos.pdf>]
<Figures/v3/main/overlaping_polygons_1.png, id=65, 1292.83pt x 673.51625pt>
File: Figures/v3/main/overlaping_polygons_1.png Graphic file (type png)
<use Figures/v3/main/overlaping_polygons_1.png>
Package pdftex.def Info: Figures/v3/main/overlaping_polygons_1.png  used on input line 36.
(pdftex.def)             Requested size: 284.52756pt x 148.22542pt.
<Figures/logos.pdf, id=67, 1301.44164pt x 197.75757pt>
File: Figures/logos.pdf Graphic file (type pdf)
<use Figures/logos.pdf>
Package pdftex.def Info: Figures/logos.pdf  used on input line 36.
(pdftex.def)             Requested size: 153.64493pt x 23.34665pt.
 [2

 <./Figures/logos.pdf> <./Figures/v3/main/overlaping_polygons_1.png>]
<Figures/background.jpeg, id=95, 771.88374pt x 721.69624pt>
File: Figures/background.jpeg Graphic file (type jpg)
<use Figures/background.jpeg>
Package pdftex.def Info: Figures/background.jpeg  used on input line 38.
(pdftex.def)             Requested size: 364.18698pt x 273.14621pt.
 [3

 <./Figures/background.jpeg>]
LaTeX Font Info:    Trying to load font information for U+msa on input line 75.
 (/usr/share/texlive/texmf-dist/tex/latex/amsfonts/umsa.fd
File: umsa.fd 2013/01/14 v3.01 AMS symbols A
)
LaTeX Font Info:    Trying to load font information for U+msb on input line 75.
 (/usr/share/texlive/texmf-dist/tex/latex/amsfonts/umsb.fd
File: umsb.fd 2013/01/14 v3.01 AMS symbols B
)
LaTeX Font Info:    Trying to load font information for U+rsfs on input line 75.
 (/usr/share/texlive/texmf-dist/tex/latex/jknapltx/ursfs.fd
File: ursfs.fd 1998/03/24 rsfs font definition file (jk)
)
File: Figures/logos.pdf Graphic file (type pdf)
<use Figures/logos.pdf>
Package pdftex.def Info: Figures/logos.pdf  used on input line 75.
(pdftex.def)             Requested size: 153.64493pt x 23.34665pt.
 [4

]
File: Figures/background.jpeg Graphic file (type jpg)
<use Figures/background.jpeg>
Package pdftex.def Info: Figures/background.jpeg  used on input line 77.
(pdftex.def)             Requested size: 364.18698pt x 273.14621pt.
 [5

]
<Figures/v3/labeling/polygon_0.pdf, id=115, 987.31065pt x 594.66257pt>
File: Figures/v3/labeling/polygon_0.pdf Graphic file (type pdf)
<use Figures/v3/labeling/polygon_0.pdf>
Package pdftex.def Info: Figures/v3/labeling/polygon_0.pdf  used on input line 84.
(pdftex.def)             Requested size: 284.52756pt x 171.37701pt.
File: Figures/logos.pdf Graphic file (type pdf)
<use Figures/logos.pdf>
Package pdftex.def Info: Figures/logos.pdf  used on input line 84.
(pdftex.def)             Requested size: 153.64493pt x 23.34665pt.
 [6

 <./Figures/v3/labeling/polygon_0.pdf>]
<Figures/v3/labeling/polygon_2.pdf, id=263, 973.08423pt x 594.66257pt>
File: Figures/v3/labeling/polygon_2.pdf Graphic file (type pdf)
<use Figures/v3/labeling/polygon_2.pdf>
Package pdftex.def Info: Figures/v3/labeling/polygon_2.pdf  used on input line 92.
(pdftex.def)             Requested size: 284.52756pt x 173.88138pt.
File: Figures/logos.pdf Graphic file (type pdf)
<use Figures/logos.pdf>
Package pdftex.def Info: Figures/logos.pdf  used on input line 92.
(pdftex.def)             Requested size: 153.64493pt x 23.34665pt.
 [7

 <./Figures/v3/labeling/polygon_2.pdf>]
<Figures/v3/labeling/polygon_4.pdf, id=343, 975.9295pt x 583.2815pt>
File: Figures/v3/labeling/polygon_4.pdf Graphic file (type pdf)
<use Figures/v3/labeling/polygon_4.pdf>
Package pdftex.def Info: Figures/v3/labeling/polygon_4.pdf  used on input line 100.
(pdftex.def)             Requested size: 284.52756pt x 170.05511pt.
File: Figures/logos.pdf Graphic file (type pdf)
<use Figures/logos.pdf>
Package pdftex.def Info: Figures/logos.pdf  used on input line 100.
(pdftex.def)             Requested size: 153.64493pt x 23.34665pt.
 [8

 <./Figures/v3/labeling/polygon_4.pdf>]
<Figures/v3/labeling/polygon_11.pdf, id=421, 967.3937pt x 588.97206pt>
File: Figures/v3/labeling/polygon_11.pdf Graphic file (type pdf)
<use Figures/v3/labeling/polygon_11.pdf>
Package pdftex.def Info: Figures/v3/labeling/polygon_11.pdf  used on input line 108.
(pdftex.def)             Requested size: 284.52756pt x 173.224pt.
File: Figures/logos.pdf Graphic file (type pdf)
<use Figures/logos.pdf>
Package pdftex.def Info: Figures/logos.pdf  used on input line 108.
(pdftex.def)             Requested size: 153.64493pt x 23.34665pt.
 [9

 <./Figures/v3/labeling/polygon_11.pdf>]
File: Figures/background.jpeg Graphic file (type jpg)
<use Figures/background.jpeg>
Package pdftex.def Info: Figures/background.jpeg  used on input line 110.
(pdftex.def)             Requested size: 364.18698pt x 273.14621pt.
 [10

]
<Figures/v3/main/training.pdf, id=512, 480.15436pt x 309.97131pt>
File: Figures/v3/main/training.pdf Graphic file (type pdf)
<use Figures/v3/main/training.pdf>
Package pdftex.def Info: Figures/v3/main/training.pdf  used on input line 141.
(pdftex.def)             Requested size: 110.62659pt x 71.41487pt.
<Figures/v3/main/loss.jpg, id=513, 681.54625pt x 513.92pt>
File: Figures/v3/main/loss.jpg Graphic file (type jpg)
<use Figures/v3/main/loss.jpg>
Package pdftex.def Info: Figures/v3/main/loss.jpg  used on input line 141.
(pdftex.def)             Requested size: 101.40724pt x 76.46516pt.

Overfull \hbox (14.42287pt too wide) in paragraph at lines 141--141
 [] 
 []

File: Figures/logos.pdf Graphic file (type pdf)
<use Figures/logos.pdf>
Package pdftex.def Info: Figures/logos.pdf  used on input line 141.
(pdftex.def)             Requested size: 153.64493pt x 23.34665pt.
[11

 <./Figures/v3/main/training.pdf> <./Figures/v3/main/loss.jpg>]
File: Figures/background.jpeg Graphic file (type jpg)
<use Figures/background.jpeg>
Package pdftex.def Info: Figures/background.jpeg  used on input line 143.
(pdftex.def)             Requested size: 364.18698pt x 273.14621pt.
 [12

]
<Figures/v3/20210513/111-TCI_with_zoom_roi.pdf, id=533, 443.82886pt x 446.24731pt>
File: Figures/v3/20210513/111-TCI_with_zoom_roi.pdf Graphic file (type pdf)
<use Figures/v3/20210513/111-TCI_with_zoom_roi.pdf>
Package pdftex.def Info: Figures/v3/20210513/111-TCI_with_zoom_roi.pdf  used on input line 163.
(pdftex.def)             Requested size: 71.13188pt x 71.51678pt.
<Figures/v3/20210513/222-error_map_with_zoom_roi.pdf, id=534, 443.82886pt x 446.24731pt>
File: Figures/v3/20210513/222-error_map_with_zoom_roi.pdf Graphic file (type pdf)
<use Figures/v3/20210513/222-error_map_with_zoom_roi.pdf>
Package pdftex.def Info: Figures/v3/20210513/222-error_map_with_zoom_roi.pdf  used on input line 163.
(pdftex.def)             Requested size: 71.13188pt x 71.51678pt.
<Figures/v3/20210513/binary_mask_umbral_03/zoom1.png, id=535, 424.58624pt x 445.665pt>
File: Figures/v3/20210513/binary_mask_umbral_03/zoom1.png Graphic file (type png)
<use Figures/v3/20210513/binary_mask_umbral_03/zoom1.png>
Package pdftex.def Info: Figures/v3/20210513/binary_mask_umbral_03/zoom1.png  used on input line 163.
(pdftex.def)             Requested size: 85.35826pt x 89.59384pt.
<Figures/v3/20210513/binary_mask_umbral_04/zoom1.png, id=536, 717.68124pt x 780.9175pt>
File: Figures/v3/20210513/binary_mask_umbral_04/zoom1.png Graphic file (type png)
<use Figures/v3/20210513/binary_mask_umbral_04/zoom1.png>
Package pdftex.def Info: Figures/v3/20210513/binary_mask_umbral_04/zoom1.png  used on input line 163.
(pdftex.def)             Requested size: 82.51282pt x 89.77383pt.
<Figures/v3/20210513/binary_mask_umbral_05/33-binary_mask_zoom.png, id=537, 584.1825pt x 582.175pt>
File: Figures/v3/20210513/binary_mask_umbral_05/33-binary_mask_zoom.png Graphic file (type png)
<use Figures/v3/20210513/binary_mask_umbral_05/33-binary_mask_zoom.png>
Package pdftex.def Info: Figures/v3/20210513/binary_mask_umbral_05/33-binary_mask_zoom.png  used on input line 163.
(pdftex.def)             Requested size: 91.04872pt x 90.73364pt.
File: Figures/logos.pdf Graphic file (type pdf)
<use Figures/logos.pdf>
Package pdftex.def Info: Figures/logos.pdf  used on input line 163.
(pdftex.def)             Requested size: 153.64493pt x 23.34665pt.
 [13

 <./Figures/v3/20210513/111-TCI_with_zoom_roi.pdf> <./Figures/v3/20210513/222-error_map_with_zoom_roi.pdf

pdfTeX warning: pdflatex (file ./Figures/v3/20210513/222-error_map_with_zoom_roi.pdf): PDF inclusion: multiple pdfs with page group included in a single page
> <./Figures/v3/20210513/binary_mask_umbral_03/zoom1.png> <./Figures/v3/20210513/binary_mask_umbral_04/zoom1.png> <./Figures/v3/20210513/binary_mask_umbral_05/33-binary_mask_zoom.png>]
<Figures/v3/20210513/111-TCI_with_zoom_roi2.pdf, id=559, 443.82886pt x 446.24731pt>
File: Figures/v3/20210513/111-TCI_with_zoom_roi2.pdf Graphic file (type pdf)
<use Figures/v3/20210513/111-TCI_with_zoom_roi2.pdf>
Package pdftex.def Info: Figures/v3/20210513/111-TCI_with_zoom_roi2.pdf  used on input line 184.
(pdftex.def)             Requested size: 85.35826pt x 85.82286pt.
<Figures/v3/20210513/222-error_map_with_zoom_roi2.pdf, id=560, 443.82886pt x 446.24731pt>
File: Figures/v3/20210513/222-error_map_with_zoom_roi2.pdf Graphic file (type pdf)
<use Figures/v3/20210513/222-error_map_with_zoom_roi2.pdf>
Package pdftex.def Info: Figures/v3/20210513/222-error_map_with_zoom_roi2.pdf  used on input line 184.
(pdftex.def)             Requested size: 85.35826pt x 85.82286pt.
<Figures/v3/20210513/binary_mask_umbral_03/zoom2.png, id=561, 732.7375pt x 692.5875pt>
File: Figures/v3/20210513/binary_mask_umbral_03/zoom2.png Graphic file (type png)
<use Figures/v3/20210513/binary_mask_umbral_03/zoom2.png>
Package pdftex.def Info: Figures/v3/20210513/binary_mask_umbral_03/zoom2.png  used on input line 184.
(pdftex.def)             Requested size: 79.6678pt x 75.29713pt.
<Figures/v3/20210513/binary_mask_umbral_04/zoom2.png, id=562, 480.79625pt x 434.62375pt>
File: Figures/v3/20210513/binary_mask_umbral_04/zoom2.png Graphic file (type png)
<use Figures/v3/20210513/binary_mask_umbral_04/zoom2.png>
Package pdftex.def Info: Figures/v3/20210513/binary_mask_umbral_04/zoom2.png  used on input line 184.
(pdftex.def)             Requested size: 82.51282pt x 74.58803pt.
<Figures/v3/20210513/binary_mask_umbral_05/33-binary_mask_zoom2.png, id=563, 493.845pt x 450.68375pt>
File: Figures/v3/20210513/binary_mask_umbral_05/33-binary_mask_zoom2.png Graphic file (type png)
<use Figures/v3/20210513/binary_mask_umbral_05/33-binary_mask_zoom2.png>
Package pdftex.def Info: Figures/v3/20210513/binary_mask_umbral_05/33-binary_mask_zoom2.png  used on input line 184.
(pdftex.def)             Requested size: 82.51282pt x 75.29486pt.
File: Figures/logos.pdf Graphic file (type pdf)
<use Figures/logos.pdf>
Package pdftex.def Info: Figures/logos.pdf  used on input line 184.
(pdftex.def)             Requested size: 153.64493pt x 23.34665pt.
 [14

 <./Figures/v3/20210513/111-TCI_with_zoom_roi2.pdf> <./Figures/v3/20210513/222-error_map_with_zoom_roi2.pdf

pdfTeX warning: pdflatex (file ./Figures/v3/20210513/222-error_map_with_zoom_roi2.pdf): PDF inclusion: multiple pdfs with page group included in a single page
> <./Figures/v3/20210513/binary_mask_umbral_03/zoom2.png> <./Figures/v3/20210513/binary_mask_umbral_04/zoom2.png> <./Figures/v3/20210513/binary_mask_umbral_05/33-binary_mask_zoom2.png>]
<Figures/v3/20210525/TCI/TCI_zoom1.pdf, id=588, 443.82889pt x 446.24734pt>
File: Figures/v3/20210525/TCI/TCI_zoom1.pdf Graphic file (type pdf)
<use Figures/v3/20210525/TCI/TCI_zoom1.pdf>
Package pdftex.def Info: Figures/v3/20210525/TCI/TCI_zoom1.pdf  used on input line 205.
(pdftex.def)             Requested size: 85.35826pt x 85.82286pt.
<Figures/v3/20210525/error/error_zoom1.pdf, id=589, 443.82889pt x 446.24734pt>
File: Figures/v3/20210525/error/error_zoom1.pdf Graphic file (type pdf)
<use Figures/v3/20210525/error/error_zoom1.pdf>
Package pdftex.def Info: Figures/v3/20210525/error/error_zoom1.pdf  used on input line 205.
(pdftex.def)             Requested size: 85.35826pt x 85.82286pt.
<Figures/v3/20210525/umbral_03/zoom1.png, id=590, 706.64pt x 660.4675pt>
File: Figures/v3/20210525/umbral_03/zoom1.png Graphic file (type png)
<use Figures/v3/20210525/umbral_03/zoom1.png>
Package pdftex.def Info: Figures/v3/20210525/umbral_03/zoom1.png  used on input line 205.
(pdftex.def)             Requested size: 85.35826pt x 79.77672pt.
<Figures/v3/20210525/umbral_04/zoom1.png, id=591, 706.64pt x 660.4675pt>
File: Figures/v3/20210525/umbral_04/zoom1.png Graphic file (type png)
<use Figures/v3/20210525/umbral_04/zoom1.png>
Package pdftex.def Info: Figures/v3/20210525/umbral_04/zoom1.png  used on input line 205.
(pdftex.def)             Requested size: 85.35826pt x 79.77672pt.
<Figures/v3/20210525/umbral_05/zoom1.png, id=592, 706.64pt x 660.4675pt>
File: Figures/v3/20210525/umbral_05/zoom1.png Graphic file (type png)
<use Figures/v3/20210525/umbral_05/zoom1.png>
Package pdftex.def Info: Figures/v3/20210525/umbral_05/zoom1.png  used on input line 205.
(pdftex.def)             Requested size: 85.35826pt x 79.77672pt.
File: Figures/logos.pdf Graphic file (type pdf)
<use Figures/logos.pdf>
Package pdftex.def Info: Figures/logos.pdf  used on input line 205.
(pdftex.def)             Requested size: 153.64493pt x 23.34665pt.
 [15

 <./Figures/v3/20210525/TCI/TCI_zoom1.pdf> <./Figures/v3/20210525/error/error_zoom1.pdf

pdfTeX warning: pdflatex (file ./Figures/v3/20210525/error/error_zoom1.pdf): PDF inclusion: multiple pdfs with page group included in a single page
> <./Figures/v3/20210525/umbral_03/zoom1.png> <./Figures/v3/20210525/umbral_04/zoom1.png> <./Figures/v3/20210525/umbral_05/zoom1.png>]
<Figures/v3/20210525/TCI/TCI_zoom2.pdf, id=613, 443.82889pt x 446.24734pt>
File: Figures/v3/20210525/TCI/TCI_zoom2.pdf Graphic file (type pdf)
<use Figures/v3/20210525/TCI/TCI_zoom2.pdf>
Package pdftex.def Info: Figures/v3/20210525/TCI/TCI_zoom2.pdf  used on input line 226.
(pdftex.def)             Requested size: 85.35826pt x 85.82286pt.
<Figures/v3/20210525/error/error_zoom2.pdf, id=614, 443.82889pt x 446.24734pt>
File: Figures/v3/20210525/error/error_zoom2.pdf Graphic file (type pdf)
<use Figures/v3/20210525/error/error_zoom2.pdf>
Package pdftex.def Info: Figures/v3/20210525/error/error_zoom2.pdf  used on input line 226.
(pdftex.def)             Requested size: 85.35826pt x 85.82286pt.
<Figures/v3/20210525/umbral_03/zoom2.png, id=615, 706.64pt x 660.4675pt>
File: Figures/v3/20210525/umbral_03/zoom2.png Graphic file (type png)
<use Figures/v3/20210525/umbral_03/zoom2.png>
Package pdftex.def Info: Figures/v3/20210525/umbral_03/zoom2.png  used on input line 226.
(pdftex.def)             Requested size: 85.35826pt x 79.77672pt.
<Figures/v3/20210525/umbral_04/zoom2.png, id=616, 706.64pt x 660.4675pt>
File: Figures/v3/20210525/umbral_04/zoom2.png Graphic file (type png)
<use Figures/v3/20210525/umbral_04/zoom2.png>
Package pdftex.def Info: Figures/v3/20210525/umbral_04/zoom2.png  used on input line 226.
(pdftex.def)             Requested size: 85.35826pt x 79.77672pt.
<Figures/v3/20210525/umbral_05/zoom2.png, id=617, 706.64pt x 660.4675pt>
File: Figures/v3/20210525/umbral_05/zoom2.png Graphic file (type png)
<use Figures/v3/20210525/umbral_05/zoom2.png>
Package pdftex.def Info: Figures/v3/20210525/umbral_05/zoom2.png  used on input line 226.
(pdftex.def)             Requested size: 85.35826pt x 79.77672pt.
File: Figures/logos.pdf Graphic file (type pdf)
<use Figures/logos.pdf>
Package pdftex.def Info: Figures/logos.pdf  used on input line 226.
(pdftex.def)             Requested size: 153.64493pt x 23.34665pt.
 [16

 <./Figures/v3/20210525/TCI/TCI_zoom2.pdf> <./Figures/v3/20210525/error/error_zoom2.pdf

pdfTeX warning: pdflatex (file ./Figures/v3/20210525/error/error_zoom2.pdf): PDF inclusion: multiple pdfs with page group included in a single page
> <./Figures/v3/20210525/umbral_03/zoom2.png> <./Figures/v3/20210525/umbral_04/zoom2.png> <./Figures/v3/20210525/umbral_05/zoom2.png>]
<Figures/v3/20210528/TCI/TCI_zoom1.pdf, id=638, 443.82889pt x 446.24734pt>
File: Figures/v3/20210528/TCI/TCI_zoom1.pdf Graphic file (type pdf)
<use Figures/v3/20210528/TCI/TCI_zoom1.pdf>
Package pdftex.def Info: Figures/v3/20210528/TCI/TCI_zoom1.pdf  used on input line 247.
(pdftex.def)             Requested size: 85.35826pt x 85.82286pt.
<Figures/v3/20210528/error_map/error_zoom1.pdf, id=639, 443.82889pt x 446.24734pt>
File: Figures/v3/20210528/error_map/error_zoom1.pdf Graphic file (type pdf)
<use Figures/v3/20210528/error_map/error_zoom1.pdf>
Package pdftex.def Info: Figures/v3/20210528/error_map/error_zoom1.pdf  used on input line 247.
(pdftex.def)             Requested size: 85.35826pt x 85.82286pt.
<Figures/v3/20210528/umbral_03/zoom1.png, id=640, 667.49374pt x 608.2725pt>
File: Figures/v3/20210528/umbral_03/zoom1.png Graphic file (type png)
<use Figures/v3/20210528/umbral_03/zoom1.png>
Package pdftex.def Info: Figures/v3/20210528/umbral_03/zoom1.png  used on input line 247.
(pdftex.def)             Requested size: 85.35826pt x 77.7788pt.
<Figures/v3/20210528/umbral_04/zoom1.png, id=641, 667.49374pt x 608.2725pt>
File: Figures/v3/20210528/umbral_04/zoom1.png Graphic file (type png)
<use Figures/v3/20210528/umbral_04/zoom1.png>
Package pdftex.def Info: Figures/v3/20210528/umbral_04/zoom1.png  used on input line 247.
(pdftex.def)             Requested size: 85.35826pt x 77.7788pt.
<Figures/v3/20210528/umbral_05/zoom1.png, id=642, 667.49374pt x 608.2725pt>
File: Figures/v3/20210528/umbral_05/zoom1.png Graphic file (type png)
<use Figures/v3/20210528/umbral_05/zoom1.png>
Package pdftex.def Info: Figures/v3/20210528/umbral_05/zoom1.png  used on input line 247.
(pdftex.def)             Requested size: 85.35826pt x 77.7788pt.
File: Figures/logos.pdf Graphic file (type pdf)
<use Figures/logos.pdf>
Package pdftex.def Info: Figures/logos.pdf  used on input line 247.
(pdftex.def)             Requested size: 153.64493pt x 23.34665pt.
 [17

 <./Figures/v3/20210528/TCI/TCI_zoom1.pdf> <./Figures/v3/20210528/error_map/error_zoom1.pdf

pdfTeX warning: pdflatex (file ./Figures/v3/20210528/error_map/error_zoom1.pdf): PDF inclusion: multiple pdfs with page group included in a single page
> <./Figures/v3/20210528/umbral_03/zoom1.png> <./Figures/v3/20210528/umbral_04/zoom1.png> <./Figures/v3/20210528/umbral_05/zoom1.png>]
<Figures/v3/20210528/TCI/TCI_zoom2.pdf, id=661, 443.82889pt x 446.24734pt>
File: Figures/v3/20210528/TCI/TCI_zoom2.pdf Graphic file (type pdf)
<use Figures/v3/20210528/TCI/TCI_zoom2.pdf>
Package pdftex.def Info: Figures/v3/20210528/TCI/TCI_zoom2.pdf  used on input line 268.
(pdftex.def)             Requested size: 85.35826pt x 85.82286pt.
<Figures/v3/20210528/error_map/error_zoom2.pdf, id=662, 443.82889pt x 446.24734pt>
File: Figures/v3/20210528/error_map/error_zoom2.pdf Graphic file (type pdf)
<use Figures/v3/20210528/error_map/error_zoom2.pdf>
Package pdftex.def Info: Figures/v3/20210528/error_map/error_zoom2.pdf  used on input line 268.
(pdftex.def)             Requested size: 85.35826pt x 85.82286pt.
<Figures/v3/20210528/umbral_03/zoom2.png, id=663, 667.49374pt x 608.2725pt>
File: Figures/v3/20210528/umbral_03/zoom2.png Graphic file (type png)
<use Figures/v3/20210528/umbral_03/zoom2.png>
Package pdftex.def Info: Figures/v3/20210528/umbral_03/zoom2.png  used on input line 268.
(pdftex.def)             Requested size: 85.35826pt x 77.7788pt.
<Figures/v3/20210528/umbral_04/zoom2.png, id=664, 667.49374pt x 608.2725pt>
File: Figures/v3/20210528/umbral_04/zoom2.png Graphic file (type png)
<use Figures/v3/20210528/umbral_04/zoom2.png>
Package pdftex.def Info: Figures/v3/20210528/umbral_04/zoom2.png  used on input line 268.
(pdftex.def)             Requested size: 85.35826pt x 77.7788pt.
<Figures/v3/20210528/umbral_05/zoom2.png, id=665, 667.49374pt x 608.2725pt>
File: Figures/v3/20210528/umbral_05/zoom2.png Graphic file (type png)
<use Figures/v3/20210528/umbral_05/zoom2.png>
Package pdftex.def Info: Figures/v3/20210528/umbral_05/zoom2.png  used on input line 268.
(pdftex.def)             Requested size: 85.35826pt x 77.7788pt.
File: Figures/logos.pdf Graphic file (type pdf)
<use Figures/logos.pdf>
Package pdftex.def Info: Figures/logos.pdf  used on input line 268.
(pdftex.def)             Requested size: 153.64493pt x 23.34665pt.
 [18

 <./Figures/v3/20210528/TCI/TCI_zoom2.pdf> <./Figures/v3/20210528/error_map/error_zoom2.pdf

pdfTeX warning: pdflatex (file ./Figures/v3/20210528/error_map/error_zoom2.pdf): PDF inclusion: multiple pdfs with page group included in a single page
> <./Figures/v3/20210528/umbral_03/zoom2.png> <./Figures/v3/20210528/umbral_04/zoom2.png> <./Figures/v3/20210528/umbral_05/zoom2.png>]
<Figures/v3/20210530/TCI/tci_zoom1.pdf, id=685, 443.82889pt x 446.24734pt>
File: Figures/v3/20210530/TCI/tci_zoom1.pdf Graphic file (type pdf)
<use Figures/v3/20210530/TCI/tci_zoom1.pdf>
Package pdftex.def Info: Figures/v3/20210530/TCI/tci_zoom1.pdf  used on input line 289.
(pdftex.def)             Requested size: 79.6678pt x 80.10315pt.
<Figures/v3/20210530/error_map/error_zoom1.pdf, id=686, 443.82889pt x 446.24734pt>
File: Figures/v3/20210530/error_map/error_zoom1.pdf Graphic file (type pdf)
<use Figures/v3/20210530/error_map/error_zoom1.pdf>
Package pdftex.def Info: Figures/v3/20210530/error_map/error_zoom1.pdf  used on input line 289.
(pdftex.def)             Requested size: 79.6678pt x 80.10315pt.
<Figures/v3/20210530/umbral_03/zoom1.png, id=687, 701.62125pt x 699.61375pt>
File: Figures/v3/20210530/umbral_03/zoom1.png Graphic file (type png)
<use Figures/v3/20210530/umbral_03/zoom1.png>
Package pdftex.def Info: Figures/v3/20210530/umbral_03/zoom1.png  used on input line 289.
(pdftex.def)             Requested size: 85.35826pt x 85.11362pt.
<Figures/v3/20210530/umbral_04/zoom1.png, id=688, 701.62125pt x 699.61375pt>
File: Figures/v3/20210530/umbral_04/zoom1.png Graphic file (type png)
<use Figures/v3/20210530/umbral_04/zoom1.png>
Package pdftex.def Info: Figures/v3/20210530/umbral_04/zoom1.png  used on input line 289.
(pdftex.def)             Requested size: 85.35826pt x 85.11362pt.
<Figures/v3/20210530/umbral_05/zoom1.png, id=689, 701.62125pt x 699.61375pt>
File: Figures/v3/20210530/umbral_05/zoom1.png Graphic file (type png)
<use Figures/v3/20210530/umbral_05/zoom1.png>
Package pdftex.def Info: Figures/v3/20210530/umbral_05/zoom1.png  used on input line 289.
(pdftex.def)             Requested size: 85.35826pt x 85.11362pt.
File: Figures/logos.pdf Graphic file (type pdf)
<use Figures/logos.pdf>
Package pdftex.def Info: Figures/logos.pdf  used on input line 289.
(pdftex.def)             Requested size: 153.64493pt x 23.34665pt.
 [19

 <./Figures/v3/20210530/TCI/tci_zoom1.pdf> <./Figures/v3/20210530/error_map/error_zoom1.pdf

pdfTeX warning: pdflatex (file ./Figures/v3/20210530/error_map/error_zoom1.pdf): PDF inclusion: multiple pdfs with page group included in a single page
> <./Figures/v3/20210530/umbral_03/zoom1.png> <./Figures/v3/20210530/umbral_04/zoom1.png> <./Figures/v3/20210530/umbral_05/zoom1.png>]
<Figures/v3/20210530/TCI/tci_zoom2.pdf, id=711, 443.82889pt x 446.24734pt>
File: Figures/v3/20210530/TCI/tci_zoom2.pdf Graphic file (type pdf)
<use Figures/v3/20210530/TCI/tci_zoom2.pdf>
Package pdftex.def Info: Figures/v3/20210530/TCI/tci_zoom2.pdf  used on input line 310.
(pdftex.def)             Requested size: 79.6678pt x 80.10315pt.
<Figures/v3/20210530/error_map/error_zoom2.pdf, id=712, 443.82889pt x 446.24734pt>
File: Figures/v3/20210530/error_map/error_zoom2.pdf Graphic file (type pdf)
<use Figures/v3/20210530/error_map/error_zoom2.pdf>
Package pdftex.def Info: Figures/v3/20210530/error_map/error_zoom2.pdf  used on input line 310.
(pdftex.def)             Requested size: 79.6678pt x 80.10315pt.
<Figures/v3/20210530/umbral_03/zoom2.png, id=713, 701.62125pt x 699.61375pt>
File: Figures/v3/20210530/umbral_03/zoom2.png Graphic file (type png)
<use Figures/v3/20210530/umbral_03/zoom2.png>
Package pdftex.def Info: Figures/v3/20210530/umbral_03/zoom2.png  used on input line 310.
(pdftex.def)             Requested size: 85.35826pt x 85.11362pt.
<Figures/v3/20210530/umbral_04/zoom2.png, id=714, 701.62125pt x 699.61375pt>
File: Figures/v3/20210530/umbral_04/zoom2.png Graphic file (type png)
<use Figures/v3/20210530/umbral_04/zoom2.png>
Package pdftex.def Info: Figures/v3/20210530/umbral_04/zoom2.png  used on input line 310.
(pdftex.def)             Requested size: 85.35826pt x 85.11362pt.
<Figures/v3/20210530/umbral_05/zoom2.png, id=715, 701.62125pt x 699.61375pt>
File: Figures/v3/20210530/umbral_05/zoom2.png Graphic file (type png)
<use Figures/v3/20210530/umbral_05/zoom2.png>
Package pdftex.def Info: Figures/v3/20210530/umbral_05/zoom2.png  used on input line 310.
(pdftex.def)             Requested size: 85.35826pt x 85.11362pt.
File: Figures/logos.pdf Graphic file (type pdf)
<use Figures/logos.pdf>
Package pdftex.def Info: Figures/logos.pdf  used on input line 310.
(pdftex.def)             Requested size: 153.64493pt x 23.34665pt.
 [20

 <./Figures/v3/20210530/TCI/tci_zoom2.pdf> <./Figures/v3/20210530/error_map/error_zoom2.pdf

pdfTeX warning: pdflatex (file ./Figures/v3/20210530/error_map/error_zoom2.pdf): PDF inclusion: multiple pdfs with page group included in a single page
> <./Figures/v3/20210530/umbral_03/zoom2.png> <./Figures/v3/20210530/umbral_04/zoom2.png> <./Figures/v3/20210530/umbral_05/zoom2.png>]
<Figures/v3/20210602/TCI/tci_zoom1.pdf, id=736, 443.82889pt x 446.24734pt>
File: Figures/v3/20210602/TCI/tci_zoom1.pdf Graphic file (type pdf)
<use Figures/v3/20210602/TCI/tci_zoom1.pdf>
Package pdftex.def Info: Figures/v3/20210602/TCI/tci_zoom1.pdf  used on input line 331.
(pdftex.def)             Requested size: 76.82234pt x 77.2365pt.
<Figures/v3/20210602/error_map/error_zoom1.pdf, id=737, 443.82889pt x 446.24734pt>
File: Figures/v3/20210602/error_map/error_zoom1.pdf Graphic file (type pdf)
<use Figures/v3/20210602/error_map/error_zoom1.pdf>
Package pdftex.def Info: Figures/v3/20210602/error_map/error_zoom1.pdf  used on input line 331.
(pdftex.def)             Requested size: 76.82234pt x 77.2365pt.
<Figures/v3/20210602/umbral_03/zoom1.png, id=738, 633.36626pt x 676.5275pt>
File: Figures/v3/20210602/umbral_03/zoom1.png Graphic file (type png)
<use Figures/v3/20210602/umbral_03/zoom1.png>
Package pdftex.def Info: Figures/v3/20210602/umbral_03/zoom1.png  used on input line 331.
(pdftex.def)             Requested size: 85.35826pt x 91.17242pt.
<Figures/v3/20210602/umbral_04/zoom1.png, id=739, 633.36626pt x 676.5275pt>
File: Figures/v3/20210602/umbral_04/zoom1.png Graphic file (type png)
<use Figures/v3/20210602/umbral_04/zoom1.png>
Package pdftex.def Info: Figures/v3/20210602/umbral_04/zoom1.png  used on input line 331.
(pdftex.def)             Requested size: 85.35826pt x 91.17242pt.
<Figures/v3/20210602/umbral_05/zoom1.png, id=740, 633.36626pt x 676.5275pt>
File: Figures/v3/20210602/umbral_05/zoom1.png Graphic file (type png)
<use Figures/v3/20210602/umbral_05/zoom1.png>
Package pdftex.def Info: Figures/v3/20210602/umbral_05/zoom1.png  used on input line 331.
(pdftex.def)             Requested size: 85.35826pt x 91.17242pt.
File: Figures/logos.pdf Graphic file (type pdf)
<use Figures/logos.pdf>
Package pdftex.def Info: Figures/logos.pdf  used on input line 331.
(pdftex.def)             Requested size: 153.64493pt x 23.34665pt.
 [21

 <./Figures/v3/20210602/TCI/tci_zoom1.pdf> <./Figures/v3/20210602/error_map/error_zoom1.pdf

pdfTeX warning: pdflatex (file ./Figures/v3/20210602/error_map/error_zoom1.pdf): PDF inclusion: multiple pdfs with page group included in a single page
> <./Figures/v3/20210602/umbral_03/zoom1.png> <./Figures/v3/20210602/umbral_04/zoom1.png> <./Figures/v3/20210602/umbral_05/zoom1.png>]
<Figures/v3/20210602/TCI/tci_zoom2.pdf, id=761, 443.82889pt x 446.24734pt>
File: Figures/v3/20210602/TCI/tci_zoom2.pdf Graphic file (type pdf)
<use Figures/v3/20210602/TCI/tci_zoom2.pdf>
Package pdftex.def Info: Figures/v3/20210602/TCI/tci_zoom2.pdf  used on input line 352.
(pdftex.def)             Requested size: 76.82234pt x 77.2365pt.
<Figures/v3/20210602/error_map/error_zoom2.pdf, id=762, 443.82889pt x 446.24734pt>
File: Figures/v3/20210602/error_map/error_zoom2.pdf Graphic file (type pdf)
<use Figures/v3/20210602/error_map/error_zoom2.pdf>
Package pdftex.def Info: Figures/v3/20210602/error_map/error_zoom2.pdf  used on input line 352.
(pdftex.def)             Requested size: 76.82234pt x 77.2365pt.
<Figures/v3/20210602/umbral_03/zoom2.png, id=763, 633.36626pt x 676.5275pt>
File: Figures/v3/20210602/umbral_03/zoom2.png Graphic file (type png)
<use Figures/v3/20210602/umbral_03/zoom2.png>
Package pdftex.def Info: Figures/v3/20210602/umbral_03/zoom2.png  used on input line 352.
(pdftex.def)             Requested size: 85.35826pt x 91.17242pt.
<Figures/v3/20210602/umbral_04/zoom2.png, id=764, 633.36626pt x 676.5275pt>
File: Figures/v3/20210602/umbral_04/zoom2.png Graphic file (type png)
<use Figures/v3/20210602/umbral_04/zoom2.png>
Package pdftex.def Info: Figures/v3/20210602/umbral_04/zoom2.png  used on input line 352.
(pdftex.def)             Requested size: 85.35826pt x 91.17242pt.
<Figures/v3/20210602/umbral_05/zoom2.png, id=765, 633.36626pt x 676.5275pt>
File: Figures/v3/20210602/umbral_05/zoom2.png Graphic file (type png)
<use Figures/v3/20210602/umbral_05/zoom2.png>
Package pdftex.def Info: Figures/v3/20210602/umbral_05/zoom2.png  used on input line 352.
(pdftex.def)             Requested size: 85.35826pt x 91.17242pt.
File: Figures/logos.pdf Graphic file (type pdf)
<use Figures/logos.pdf>
Package pdftex.def Info: Figures/logos.pdf  used on input line 352.
(pdftex.def)             Requested size: 153.64493pt x 23.34665pt.
 [22

 <./Figures/v3/20210602/TCI/tci_zoom2.pdf> <./Figures/v3/20210602/error_map/error_zoom2.pdf

pdfTeX warning: pdflatex (file ./Figures/v3/20210602/error_map/error_zoom2.pdf): PDF inclusion: multiple pdfs with page group included in a single page
> <./Figures/v3/20210602/umbral_03/zoom2.png> <./Figures/v3/20210602/umbral_04/zoom2.png> <./Figures/v3/20210602/umbral_05/zoom2.png>]
\tf@nav=\write6
\openout6 = `presentation.nav'.

\tf@toc=\write7
\openout7 = `presentation.toc'.

\tf@snm=\write8
\openout8 = `presentation.snm'.

 (./presentation.aux)
Package rerunfilecheck Info: File `presentation.out' has not changed.
(rerunfilecheck)             Checksum: B47D557B15FA01BFF0AE142E1105E09A;357.
 )
(\end occurred when \iftrue on line 143 was incomplete)
(\end occurred when \iftrue on line 110 was incomplete)
(\end occurred when \iftrue on line 77 was incomplete)
(\end occurred when \iftrue on line 38 was incomplete) 
Here is how much of TeX's memory you used:
 23789 strings out of 480129
 464766 string characters out of 5893409
 711244 words of memory out of 5000000
 41151 multiletter control sequences out of 15000+600000
 482446 words of font info for 63 fonts, out of 8000000 for 9000
 81 hyphenation exceptions out of 8191
 99i,16n,104p,497b,451s stack positions out of 5000i,500n,10000p,200000b,80000s
 </home/andrea/.texlive2021/texmf-var/fonts/pk/ljfour/jknappen/ec/ecss0800.600pk> </home/andrea/.texlive2021/texmf-var/fonts/pk/ljfour/jknappen/ec/ecsx0800.600pk> </home/andrea/.texlive2021/texmf-var/fonts/pk/ljfour/jknappen/ec/ecsx2074.600pk> </home/andrea/.texlive2021/texmf-var/fonts/pk/ljfour/jknappen/ec/ecss1440.600pk> </home/andrea/.texlive2021/texmf-var/fonts/pk/ljfour/jknappen/ec/ecss1000.600pk> </home/andrea/.texlive2021/texmf-var/fonts/pk/ljfour/jknappen/ec/ecss1095.600pk> </home/andrea/.texlive2021/texmf-var/fonts/pk/ljfour/jknappen/ec/ecss2074.600pk></usr/share/texlive/texmf-dist/fonts/type1/public/amsfonts/cm/cmr8.pfb>
Output written on presentation.pdf (22 pages, 48008702 bytes).
PDF statistics:
 1021 PDF objects out of 1200 (max. 8388607)
 511 compressed objects within 6 object streams
 50 named destinations out of 1000 (max. 500000)
 383 words of extra memory for PDF output out of 10000 (max. 10000000)

